<?xml version="1.0" encoding="UTF-8"?>
<testsuite xmlns:xsi="http://www.w3.org/2001/XMLSchema-instance" xsi:noNamespaceSchemaLocation="https://maven.apache.org/surefire/maven-surefire-plugin/xsd/surefire-test-report.xsd" name="app.api.ApiTest" time="12.484" tests="1" errors="0" skipped="0" failures="0">
  <properties>
    <property name="gopherProxySet" value="false"/>
    <property name="awt.toolkit" value="sun.lwawt.macosx.LWCToolkit"/>
    <property name="java.specification.version" value="11"/>
    <property name="sun.cpu.isalist" value=""/>
    <property name="sun.jnu.encoding" value="UTF-8"/>
    <property name="java.class.path" value="/Users/vishnu/testsuites/karate-todo/target/test-classes:/Users/vishnu/testsuites/karate-todo/target/classes:/Users/vishnu/testsuites/karate-todo/m2/com/intuit/karate/karate-core/1.4.1/karate-core-1.4.1.jar:/Users/vishnu/testsuites/karate-todo/m2/org/graalvm/js/js-scriptengine/22.3.3/js-scriptengine-22.3.3.jar:/Users/vishnu/testsuites/karate-todo/m2/org/graalvm/sdk/graal-sdk/22.3.3/graal-sdk-22.3.3.jar:/Users/vishnu/testsuites/karate-todo/m2/org/graalvm/js/js/22.3.3/js-22.3.3.jar:/Users/vishnu/testsuites/karate-todo/m2/org/graalvm/regex/regex/22.3.3/regex-22.3.3.jar:/Users/vishnu/testsuites/karate-todo/m2/org/graalvm/truffle/truffle-api/22.3.3/truffle-api-22.3.3.jar:/Users/vishnu/testsuites/karate-todo/m2/com/ibm/icu/icu4j/71.1/icu4j-71.1.jar:/Users/vishnu/testsuites/karate-todo/m2/org/thymeleaf/thymeleaf/3.1.2.RELEASE/thymeleaf-3.1.2.RELEASE.jar:/Users/vishnu/testsuites/karate-todo/m2/ognl/ognl/3.3.4/ognl-3.3.4.jar:/Users/vishnu/testsuites/karate-todo/m2/org/javassist/javassist/3.29.0-GA/javassist-3.29.0-GA.jar:/Users/vishnu/testsuites/karate-todo/m2/org/attoparser/attoparser/2.0.7.RELEASE/attoparser-2.0.7.RELEASE.jar:/Users/vishnu/testsuites/karate-todo/m2/org/unbescape/unbescape/1.1.6.RELEASE/unbescape-1.1.6.RELEASE.jar:/Users/vishnu/testsuites/karate-todo/m2/org/slf4j/slf4j-api/2.0.7/slf4j-api-2.0.7.jar:/Users/vishnu/testsuites/karate-todo/m2/com/linecorp/armeria/armeria/1.25.2/armeria-1.25.2.jar:/Users/vishnu/testsuites/karate-todo/m2/com/fasterxml/jackson/core/jackson-core/2.15.2/jackson-core-2.15.2.jar:/Users/vishnu/testsuites/karate-todo/m2/com/fasterxml/jackson/core/jackson-annotations/2.15.2/jackson-annotations-2.15.2.jar:/Users/vishnu/testsuites/karate-todo/m2/com/fasterxml/jackson/core/jackson-databind/2.15.2/jackson-databind-2.15.2.jar:/Users/vishnu/testsuites/karate-todo/m2/com/fasterxml/jackson/datatype/jackson-datatype-jdk8/2.15.2/jackson-datatype-jdk8-2.15.2.jar:/Users/vishnu/testsuites/karate-todo/m2/com/fasterxml/jackson/datatype/jackson-datatype-jsr310/2.15.2/jackson-datatype-jsr310-2.15.2.jar:/Users/vishnu/testsuites/karate-todo/m2/io/micrometer/micrometer-core/1.11.3/micrometer-core-1.11.3.jar:/Users/vishnu/testsuites/karate-todo/m2/io/micrometer/micrometer-commons/1.11.3/micrometer-commons-1.11.3.jar:/Users/vishnu/testsuites/karate-todo/m2/io/micrometer/micrometer-observation/1.11.3/micrometer-observation-1.11.3.jar:/Users/vishnu/testsuites/karate-todo/m2/org/hdrhistogram/HdrHistogram/2.1.12/HdrHistogram-2.1.12.jar:/Users/vishnu/testsuites/karate-todo/m2/org/latencyutils/LatencyUtils/2.0.3/LatencyUtils-2.0.3.jar:/Users/vishnu/testsuites/karate-todo/m2/io/netty/netty-transport/4.1.96.Final/netty-transport-4.1.96.Final.jar:/Users/vishnu/testsuites/karate-todo/m2/io/netty/netty-common/4.1.96.Final/netty-common-4.1.96.Final.jar:/Users/vishnu/testsuites/karate-todo/m2/io/netty/netty-buffer/4.1.96.Final/netty-buffer-4.1.96.Final.jar:/Users/vishnu/testsuites/karate-todo/m2/io/netty/netty-resolver/4.1.96.Final/netty-resolver-4.1.96.Final.jar:/Users/vishnu/testsuites/karate-todo/m2/io/netty/netty-codec-haproxy/4.1.96.Final/netty-codec-haproxy-4.1.96.Final.jar:/Users/vishnu/testsuites/karate-todo/m2/io/netty/netty-codec/4.1.96.Final/netty-codec-4.1.96.Final.jar:/Users/vishnu/testsuites/karate-todo/m2/io/netty/netty-codec-http2/4.1.96.Final/netty-codec-http2-4.1.96.Final.jar:/Users/vishnu/testsuites/karate-todo/m2/io/netty/netty-handler/4.1.96.Final/netty-handler-4.1.96.Final.jar:/Users/vishnu/testsuites/karate-todo/m2/io/netty/netty-codec-http/4.1.96.Final/netty-codec-http-4.1.96.Final.jar:/Users/vishnu/testsuites/karate-todo/m2/io/netty/netty-resolver-dns/4.1.96.Final/netty-resolver-dns-4.1.96.Final.jar:/Users/vishnu/testsuites/karate-todo/m2/io/netty/netty-codec-dns/4.1.96.Final/netty-codec-dns-4.1.96.Final.jar:/Users/vishnu/testsuites/karate-todo/m2/org/reactivestreams/reactive-streams/1.0.4/reactive-streams-1.0.4.jar:/Users/vishnu/testsuites/karate-todo/m2/com/google/code/findbugs/jsr305/3.0.2/jsr305-3.0.2.jar:/Users/vishnu/testsuites/karate-todo/m2/io/netty/netty-handler-proxy/4.1.96.Final/netty-handler-proxy-4.1.96.Final.jar:/Users/vishnu/testsuites/karate-todo/m2/io/netty/netty-codec-socks/4.1.96.Final/netty-codec-socks-4.1.96.Final.jar:/Users/vishnu/testsuites/karate-todo/m2/io/netty/netty-transport-native-unix-common/4.1.96.Final/netty-transport-native-unix-common-4.1.96.Final-linux-x86_64.jar:/Users/vishnu/testsuites/karate-todo/m2/io/netty/netty-transport-native-epoll/4.1.96.Final/netty-transport-native-epoll-4.1.96.Final-linux-x86_64.jar:/Users/vishnu/testsuites/karate-todo/m2/io/netty/netty-transport-native-unix-common/4.1.96.Final/netty-transport-native-unix-common-4.1.96.Final.jar:/Users/vishnu/testsuites/karate-todo/m2/io/netty/netty-transport-classes-epoll/4.1.96.Final/netty-transport-classes-epoll-4.1.96.Final.jar:/Users/vishnu/testsuites/karate-todo/m2/io/netty/netty-transport-native-unix-common/4.1.96.Final/netty-transport-native-unix-common-4.1.96.Final-linux-aarch_64.jar:/Users/vishnu/testsuites/karate-todo/m2/io/netty/netty-transport-native-epoll/4.1.96.Final/netty-transport-native-epoll-4.1.96.Final-linux-aarch_64.jar:/Users/vishnu/testsuites/karate-todo/m2/io/netty/netty-transport-native-unix-common/4.1.96.Final/netty-transport-native-unix-common-4.1.96.Final-osx-x86_64.jar:/Users/vishnu/testsuites/karate-todo/m2/io/netty/netty-transport-native-kqueue/4.1.96.Final/netty-transport-native-kqueue-4.1.96.Final-osx-x86_64.jar:/Users/vishnu/testsuites/karate-todo/m2/io/netty/netty-transport-classes-kqueue/4.1.96.Final/netty-transport-classes-kqueue-4.1.96.Final.jar:/Users/vishnu/testsuites/karate-todo/m2/io/netty/netty-resolver-dns-native-macos/4.1.96.Final/netty-resolver-dns-native-macos-4.1.96.Final-osx-x86_64.jar:/Users/vishnu/testsuites/karate-todo/m2/io/netty/netty-resolver-dns-classes-macos/4.1.96.Final/netty-resolver-dns-classes-macos-4.1.96.Final.jar:/Users/vishnu/testsuites/karate-todo/m2/io/netty/netty-transport-native-unix-common/4.1.96.Final/netty-transport-native-unix-common-4.1.96.Final-osx-aarch_64.jar:/Users/vishnu/testsuites/karate-todo/m2/io/netty/netty-transport-native-kqueue/4.1.96.Final/netty-transport-native-kqueue-4.1.96.Final-osx-aarch_64.jar:/Users/vishnu/testsuites/karate-todo/m2/io/netty/netty-resolver-dns-native-macos/4.1.96.Final/netty-resolver-dns-native-macos-4.1.96.Final-osx-aarch_64.jar:/Users/vishnu/testsuites/karate-todo/m2/io/netty/netty-tcnative-boringssl-static/2.0.61.Final/netty-tcnative-boringssl-static-2.0.61.Final-linux-x86_64.jar:/Users/vishnu/testsuites/karate-todo/m2/io/netty/netty-tcnative-classes/2.0.61.Final/netty-tcnative-classes-2.0.61.Final.jar:/Users/vishnu/testsuites/karate-todo/m2/io/netty/netty-tcnative-boringssl-static/2.0.61.Final/netty-tcnative-boringssl-static-2.0.61.Final-linux-aarch_64.jar:/Users/vishnu/testsuites/karate-todo/m2/io/netty/netty-tcnative-boringssl-static/2.0.61.Final/netty-tcnative-boringssl-static-2.0.61.Final-osx-x86_64.jar:/Users/vishnu/testsuites/karate-todo/m2/io/netty/netty-tcnative-boringssl-static/2.0.61.Final/netty-tcnative-boringssl-static-2.0.61.Final-osx-aarch_64.jar:/Users/vishnu/testsuites/karate-todo/m2/io/netty/netty-tcnative-boringssl-static/2.0.61.Final/netty-tcnative-boringssl-static-2.0.61.Final-windows-x86_64.jar:/Users/vishnu/testsuites/karate-todo/m2/com/aayushatharva/brotli4j/brotli4j/1.12.0/brotli4j-1.12.0.jar:/Users/vishnu/testsuites/karate-todo/m2/com/aayushatharva/brotli4j/service/1.12.0/service-1.12.0.jar:/Users/vishnu/testsuites/karate-todo/m2/com/aayushatharva/brotli4j/native-osx-x86_64/1.12.0/native-osx-x86_64-1.12.0.jar:/Users/vishnu/testsuites/karate-todo/m2/org/apache/httpcomponents/httpclient/4.5.14/httpclient-4.5.14.jar:/Users/vishnu/testsuites/karate-todo/m2/org/apache/httpcomponents/httpcore/4.4.16/httpcore-4.4.16.jar:/Users/vishnu/testsuites/karate-todo/m2/commons-codec/commons-codec/1.16.0/commons-codec-1.16.0.jar:/Users/vishnu/testsuites/karate-todo/m2/ch/qos/logback/logback-classic/1.4.11/logback-classic-1.4.11.jar:/Users/vishnu/testsuites/karate-todo/m2/ch/qos/logback/logback-core/1.4.11/logback-core-1.4.11.jar:/Users/vishnu/testsuites/karate-todo/m2/org/slf4j/jcl-over-slf4j/2.0.9/jcl-over-slf4j-2.0.9.jar:/Users/vishnu/testsuites/karate-todo/m2/org/antlr/antlr4-runtime/4.11.1/antlr4-runtime-4.11.1.jar:/Users/vishnu/testsuites/karate-todo/m2/com/jayway/jsonpath/json-path/2.8.0/json-path-2.8.0.jar:/Users/vishnu/testsuites/karate-todo/m2/net/minidev/json-smart/2.4.10/json-smart-2.4.10.jar:/Users/vishnu/testsuites/karate-todo/m2/net/minidev/accessors-smart/2.4.9/accessors-smart-2.4.9.jar:/Users/vishnu/testsuites/karate-todo/m2/org/ow2/asm/asm/9.3/asm-9.3.jar:/Users/vishnu/testsuites/karate-todo/m2/org/yaml/snakeyaml/2.0/snakeyaml-2.0.jar:/Users/vishnu/testsuites/karate-todo/m2/de/siegmar/fastcsv/2.2.1/fastcsv-2.2.1.jar:/Users/vishnu/testsuites/karate-todo/m2/info/picocli/picocli/4.7.1/picocli-4.7.1.jar:/Users/vishnu/testsuites/karate-todo/m2/io/github/classgraph/classgraph/4.8.160/classgraph-4.8.160.jar:/Users/vishnu/testsuites/karate-todo/m2/io/github/t12y/resemble/1.0.2/resemble-1.0.2.jar:/Users/vishnu/testsuites/karate-todo/m2/io/github/t12y/ssim/1.0.0/ssim-1.0.0.jar:/Users/vishnu/testsuites/karate-todo/m2/io/karatelabs/karate-debugserver/0.1.0/karate-debugserver-0.1.0.jar:/Users/vishnu/testsuites/karate-todo/m2/com/intuit/karate/karate-junit5/1.4.1/karate-junit5-1.4.1.jar:/Users/vishnu/testsuites/karate-todo/m2/org/junit/jupiter/junit-jupiter-api/5.9.3/junit-jupiter-api-5.9.3.jar:/Users/vishnu/testsuites/karate-todo/m2/org/opentest4j/opentest4j/1.2.0/opentest4j-1.2.0.jar:/Users/vishnu/testsuites/karate-todo/m2/org/junit/platform/junit-platform-commons/1.9.3/junit-platform-commons-1.9.3.jar:/Users/vishnu/testsuites/karate-todo/m2/org/apiguardian/apiguardian-api/1.1.2/apiguardian-api-1.1.2.jar:/Users/vishnu/testsuites/karate-todo/m2/org/junit/jupiter/junit-jupiter-engine/5.9.3/junit-jupiter-engine-5.9.3.jar:/Users/vishnu/testsuites/karate-todo/m2/org/junit/platform/junit-platform-engine/1.9.3/junit-platform-engine-1.9.3.jar:/Users/vishnu/testsuites/karate-todo/m2/org/apache/maven/plugins/maven-resources-plugin/2.6/maven-resources-plugin-2.6.jar:/Users/vishnu/testsuites/karate-todo/m2/org/apache/maven/maven-plugin-api/2.0.6/maven-plugin-api-2.0.6.jar:/Users/vishnu/testsuites/karate-todo/m2/org/apache/maven/maven-project/2.0.6/maven-project-2.0.6.jar:/Users/vishnu/testsuites/karate-todo/m2/org/apache/maven/maven-profile/2.0.6/maven-profile-2.0.6.jar:/Users/vishnu/testsuites/karate-todo/m2/org/apache/maven/maven-plugin-registry/2.0.6/maven-plugin-registry-2.0.6.jar:/Users/vishnu/testsuites/karate-todo/m2/org/apache/maven/maven-core/2.0.6/maven-core-2.0.6.jar:/Users/vishnu/testsuites/karate-todo/m2/org/apache/maven/wagon/wagon-file/1.0-beta-2/wagon-file-1.0-beta-2.jar:/Users/vishnu/testsuites/karate-todo/m2/org/apache/maven/maven-plugin-parameter-documenter/2.0.6/maven-plugin-parameter-documenter-2.0.6.jar:/Users/vishnu/testsuites/karate-todo/m2/org/apache/maven/wagon/wagon-http-lightweight/1.0-beta-2/wagon-http-lightweight-1.0-beta-2.jar:/Users/vishnu/testsuites/karate-todo/m2/org/apache/maven/wagon/wagon-http-shared/1.0-beta-2/wagon-http-shared-1.0-beta-2.jar:/Users/vishnu/testsuites/karate-todo/m2/jtidy/jtidy/4aug2000r7-dev/jtidy-4aug2000r7-dev.jar:/Users/vishnu/testsuites/karate-todo/m2/xml-apis/xml-apis/1.0.b2/xml-apis-1.0.b2.jar:/Users/vishnu/testsuites/karate-todo/m2/org/apache/maven/reporting/maven-reporting-api/2.0.6/maven-reporting-api-2.0.6.jar:/Users/vishnu/testsuites/karate-todo/m2/org/apache/maven/doxia/doxia-sink-api/1.0-alpha-7/doxia-sink-api-1.0-alpha-7.jar:/Users/vishnu/testsuites/karate-todo/m2/org/apache/maven/wagon/wagon-provider-api/1.0-beta-2/wagon-provider-api-1.0-beta-2.jar:/Users/vishnu/testsuites/karate-todo/m2/org/apache/maven/maven-repository-metadata/2.0.6/maven-repository-metadata-2.0.6.jar:/Users/vishnu/testsuites/karate-todo/m2/org/apache/maven/maven-error-diagnostics/2.0.6/maven-error-diagnostics-2.0.6.jar:/Users/vishnu/testsuites/karate-todo/m2/commons-cli/commons-cli/1.0/commons-cli-1.0.jar:/Users/vishnu/testsuites/karate-todo/m2/org/apache/maven/wagon/wagon-ssh-external/1.0-beta-2/wagon-ssh-external-1.0-beta-2.jar:/Users/vishnu/testsuites/karate-todo/m2/org/apache/maven/wagon/wagon-ssh-common/1.0-beta-2/wagon-ssh-common-1.0-beta-2.jar:/Users/vishnu/testsuites/karate-todo/m2/org/apache/maven/maven-plugin-descriptor/2.0.6/maven-plugin-descriptor-2.0.6.jar:/Users/vishnu/testsuites/karate-todo/m2/org/codehaus/plexus/plexus-interactivity-api/1.0-alpha-4/plexus-interactivity-api-1.0-alpha-4.jar:/Users/vishnu/testsuites/karate-todo/m2/org/apache/maven/wagon/wagon-ssh/1.0-beta-2/wagon-ssh-1.0-beta-2.jar:/Users/vishnu/testsuites/karate-todo/m2/com/jcraft/jsch/0.1.27/jsch-0.1.27.jar:/Users/vishnu/testsuites/karate-todo/m2/org/apache/maven/maven-artifact/2.0.6/maven-artifact-2.0.6.jar:/Users/vishnu/testsuites/karate-todo/m2/org/apache/maven/maven-settings/2.0.6/maven-settings-2.0.6.jar:/Users/vishnu/testsuites/karate-todo/m2/org/apache/maven/maven-model/2.0.6/maven-model-2.0.6.jar:/Users/vishnu/testsuites/karate-todo/m2/org/apache/maven/maven-monitor/2.0.6/maven-monitor-2.0.6.jar:/Users/vishnu/testsuites/karate-todo/m2/org/codehaus/plexus/plexus-container-default/1.0-alpha-9-stable-1/plexus-container-default-1.0-alpha-9-stable-1.jar:/Users/vishnu/testsuites/karate-todo/m2/junit/junit/3.8.1/junit-3.8.1.jar:/Users/vishnu/testsuites/karate-todo/m2/org/apache/maven/shared/maven-filtering/1.1/maven-filtering-1.1.jar:/Users/vishnu/testsuites/karate-todo/m2/org/sonatype/plexus/plexus-build-api/0.0.4/plexus-build-api-0.0.4.jar:/Users/vishnu/testsuites/karate-todo/m2/org/apache/maven/plugins/maven-jar-plugin/2.4/maven-jar-plugin-2.4.jar:/Users/vishnu/testsuites/karate-todo/m2/org/apache/maven/maven-archiver/2.5/maven-archiver-2.5.jar:/Users/vishnu/testsuites/karate-todo/m2/org/codehaus/plexus/plexus-archiver/2.1/plexus-archiver-2.1.jar:/Users/vishnu/testsuites/karate-todo/m2/org/codehaus/plexus/plexus-io/2.0.2/plexus-io-2.0.2.jar:/Users/vishnu/testsuites/karate-todo/m2/commons-lang/commons-lang/2.1/commons-lang-2.1.jar:/Users/vishnu/testsuites/karate-todo/m2/org/apache/maven/plugins/maven-install-plugin/2.4/maven-install-plugin-2.4.jar:/Users/vishnu/testsuites/karate-todo/m2/org/apache/maven/maven-artifact-manager/2.0.6/maven-artifact-manager-2.0.6.jar:/Users/vishnu/testsuites/karate-todo/m2/org/codehaus/plexus/plexus-digest/1.0/plexus-digest-1.0.jar:/Users/vishnu/testsuites/karate-todo/m2/com/aayushatharva/brotli4j/native-linux-x86_64/1.12.0/native-linux-x86_64-1.12.0.jar:/Users/vishnu/testsuites/karate-todo/m2/classworlds/classworlds/1.1-alpha-2/classworlds-1.1-alpha-2.jar:/Users/vishnu/testsuites/karate-todo/m2/org/codehaus/plexus/plexus-interpolation/1.15/plexus-interpolation-1.15.jar:/Users/vishnu/testsuites/karate-todo/m2/org/codehaus/plexus/plexus-utils/3.0.5/plexus-utils-3.0.5.jar:"/>
    <property name="java.vm.vendor" value="Azul Systems, Inc."/>
    <property name="sun.arch.data.model" value="64"/>
    <property name="java.vendor.url" value="http://www.azul.com/"/>
    <property name="user.timezone" value=""/>
    <property name="java.vm.specification.version" value="11"/>
    <property name="os.name" value="Mac OS X"/>
    <property name="sun.java.launcher" value="SUN_STANDARD"/>
    <property name="user.country" value="GB"/>
    <property name="sun.boot.library.path" value="/Users/vishnu/.sdkman/candidates/java/11.0.21-zulu/zulu-11.jdk/Contents/Home/lib"/>
    <property name="sun.java.command" value="/Users/vishnu/testsuites/karate-todo/target/surefire/surefirebooter10683197031242508690.jar /Users/vishnu/testsuites/karate-todo/target/surefire 2024-05-24T18-39-39_680-jvmRun1 surefire9811074546414851582tmp surefire_07777994783468411039tmp"/>
    <property name="http.nonProxyHosts" value="local|*.local|169.254/16|*.169.254/16"/>
    <property name="jdk.debug" value="release"/>
    <property name="surefire.test.class.path" value="/Users/vishnu/testsuites/karate-todo/target/test-classes:/Users/vishnu/testsuites/karate-todo/target/classes:/Users/vishnu/testsuites/karate-todo/m2/com/intuit/karate/karate-core/1.4.1/karate-core-1.4.1.jar:/Users/vishnu/testsuites/karate-todo/m2/org/graalvm/js/js-scriptengine/22.3.3/js-scriptengine-22.3.3.jar:/Users/vishnu/testsuites/karate-todo/m2/org/graalvm/sdk/graal-sdk/22.3.3/graal-sdk-22.3.3.jar:/Users/vishnu/testsuites/karate-todo/m2/org/graalvm/js/js/22.3.3/js-22.3.3.jar:/Users/vishnu/testsuites/karate-todo/m2/org/graalvm/regex/regex/22.3.3/regex-22.3.3.jar:/Users/vishnu/testsuites/karate-todo/m2/org/graalvm/truffle/truffle-api/22.3.3/truffle-api-22.3.3.jar:/Users/vishnu/testsuites/karate-todo/m2/com/ibm/icu/icu4j/71.1/icu4j-71.1.jar:/Users/vishnu/testsuites/karate-todo/m2/org/thymeleaf/thymeleaf/3.1.2.RELEASE/thymeleaf-3.1.2.RELEASE.jar:/Users/vishnu/testsuites/karate-todo/m2/ognl/ognl/3.3.4/ognl-3.3.4.jar:/Users/vishnu/testsuites/karate-todo/m2/org/javassist/javassist/3.29.0-GA/javassist-3.29.0-GA.jar:/Users/vishnu/testsuites/karate-todo/m2/org/attoparser/attoparser/2.0.7.RELEASE/attoparser-2.0.7.RELEASE.jar:/Users/vishnu/testsuites/karate-todo/m2/org/unbescape/unbescape/1.1.6.RELEASE/unbescape-1.1.6.RELEASE.jar:/Users/vishnu/testsuites/karate-todo/m2/org/slf4j/slf4j-api/2.0.7/slf4j-api-2.0.7.jar:/Users/vishnu/testsuites/karate-todo/m2/com/linecorp/armeria/armeria/1.25.2/armeria-1.25.2.jar:/Users/vishnu/testsuites/karate-todo/m2/com/fasterxml/jackson/core/jackson-core/2.15.2/jackson-core-2.15.2.jar:/Users/vishnu/testsuites/karate-todo/m2/com/fasterxml/jackson/core/jackson-annotations/2.15.2/jackson-annotations-2.15.2.jar:/Users/vishnu/testsuites/karate-todo/m2/com/fasterxml/jackson/core/jackson-databind/2.15.2/jackson-databind-2.15.2.jar:/Users/vishnu/testsuites/karate-todo/m2/com/fasterxml/jackson/datatype/jackson-datatype-jdk8/2.15.2/jackson-datatype-jdk8-2.15.2.jar:/Users/vishnu/testsuites/karate-todo/m2/com/fasterxml/jackson/datatype/jackson-datatype-jsr310/2.15.2/jackson-datatype-jsr310-2.15.2.jar:/Users/vishnu/testsuites/karate-todo/m2/io/micrometer/micrometer-core/1.11.3/micrometer-core-1.11.3.jar:/Users/vishnu/testsuites/karate-todo/m2/io/micrometer/micrometer-commons/1.11.3/micrometer-commons-1.11.3.jar:/Users/vishnu/testsuites/karate-todo/m2/io/micrometer/micrometer-observation/1.11.3/micrometer-observation-1.11.3.jar:/Users/vishnu/testsuites/karate-todo/m2/org/hdrhistogram/HdrHistogram/2.1.12/HdrHistogram-2.1.12.jar:/Users/vishnu/testsuites/karate-todo/m2/org/latencyutils/LatencyUtils/2.0.3/LatencyUtils-2.0.3.jar:/Users/vishnu/testsuites/karate-todo/m2/io/netty/netty-transport/4.1.96.Final/netty-transport-4.1.96.Final.jar:/Users/vishnu/testsuites/karate-todo/m2/io/netty/netty-common/4.1.96.Final/netty-common-4.1.96.Final.jar:/Users/vishnu/testsuites/karate-todo/m2/io/netty/netty-buffer/4.1.96.Final/netty-buffer-4.1.96.Final.jar:/Users/vishnu/testsuites/karate-todo/m2/io/netty/netty-resolver/4.1.96.Final/netty-resolver-4.1.96.Final.jar:/Users/vishnu/testsuites/karate-todo/m2/io/netty/netty-codec-haproxy/4.1.96.Final/netty-codec-haproxy-4.1.96.Final.jar:/Users/vishnu/testsuites/karate-todo/m2/io/netty/netty-codec/4.1.96.Final/netty-codec-4.1.96.Final.jar:/Users/vishnu/testsuites/karate-todo/m2/io/netty/netty-codec-http2/4.1.96.Final/netty-codec-http2-4.1.96.Final.jar:/Users/vishnu/testsuites/karate-todo/m2/io/netty/netty-handler/4.1.96.Final/netty-handler-4.1.96.Final.jar:/Users/vishnu/testsuites/karate-todo/m2/io/netty/netty-codec-http/4.1.96.Final/netty-codec-http-4.1.96.Final.jar:/Users/vishnu/testsuites/karate-todo/m2/io/netty/netty-resolver-dns/4.1.96.Final/netty-resolver-dns-4.1.96.Final.jar:/Users/vishnu/testsuites/karate-todo/m2/io/netty/netty-codec-dns/4.1.96.Final/netty-codec-dns-4.1.96.Final.jar:/Users/vishnu/testsuites/karate-todo/m2/org/reactivestreams/reactive-streams/1.0.4/reactive-streams-1.0.4.jar:/Users/vishnu/testsuites/karate-todo/m2/com/google/code/findbugs/jsr305/3.0.2/jsr305-3.0.2.jar:/Users/vishnu/testsuites/karate-todo/m2/io/netty/netty-handler-proxy/4.1.96.Final/netty-handler-proxy-4.1.96.Final.jar:/Users/vishnu/testsuites/karate-todo/m2/io/netty/netty-codec-socks/4.1.96.Final/netty-codec-socks-4.1.96.Final.jar:/Users/vishnu/testsuites/karate-todo/m2/io/netty/netty-transport-native-unix-common/4.1.96.Final/netty-transport-native-unix-common-4.1.96.Final-linux-x86_64.jar:/Users/vishnu/testsuites/karate-todo/m2/io/netty/netty-transport-native-epoll/4.1.96.Final/netty-transport-native-epoll-4.1.96.Final-linux-x86_64.jar:/Users/vishnu/testsuites/karate-todo/m2/io/netty/netty-transport-native-unix-common/4.1.96.Final/netty-transport-native-unix-common-4.1.96.Final.jar:/Users/vishnu/testsuites/karate-todo/m2/io/netty/netty-transport-classes-epoll/4.1.96.Final/netty-transport-classes-epoll-4.1.96.Final.jar:/Users/vishnu/testsuites/karate-todo/m2/io/netty/netty-transport-native-unix-common/4.1.96.Final/netty-transport-native-unix-common-4.1.96.Final-linux-aarch_64.jar:/Users/vishnu/testsuites/karate-todo/m2/io/netty/netty-transport-native-epoll/4.1.96.Final/netty-transport-native-epoll-4.1.96.Final-linux-aarch_64.jar:/Users/vishnu/testsuites/karate-todo/m2/io/netty/netty-transport-native-unix-common/4.1.96.Final/netty-transport-native-unix-common-4.1.96.Final-osx-x86_64.jar:/Users/vishnu/testsuites/karate-todo/m2/io/netty/netty-transport-native-kqueue/4.1.96.Final/netty-transport-native-kqueue-4.1.96.Final-osx-x86_64.jar:/Users/vishnu/testsuites/karate-todo/m2/io/netty/netty-transport-classes-kqueue/4.1.96.Final/netty-transport-classes-kqueue-4.1.96.Final.jar:/Users/vishnu/testsuites/karate-todo/m2/io/netty/netty-resolver-dns-native-macos/4.1.96.Final/netty-resolver-dns-native-macos-4.1.96.Final-osx-x86_64.jar:/Users/vishnu/testsuites/karate-todo/m2/io/netty/netty-resolver-dns-classes-macos/4.1.96.Final/netty-resolver-dns-classes-macos-4.1.96.Final.jar:/Users/vishnu/testsuites/karate-todo/m2/io/netty/netty-transport-native-unix-common/4.1.96.Final/netty-transport-native-unix-common-4.1.96.Final-osx-aarch_64.jar:/Users/vishnu/testsuites/karate-todo/m2/io/netty/netty-transport-native-kqueue/4.1.96.Final/netty-transport-native-kqueue-4.1.96.Final-osx-aarch_64.jar:/Users/vishnu/testsuites/karate-todo/m2/io/netty/netty-resolver-dns-native-macos/4.1.96.Final/netty-resolver-dns-native-macos-4.1.96.Final-osx-aarch_64.jar:/Users/vishnu/testsuites/karate-todo/m2/io/netty/netty-tcnative-boringssl-static/2.0.61.Final/netty-tcnative-boringssl-static-2.0.61.Final-linux-x86_64.jar:/Users/vishnu/testsuites/karate-todo/m2/io/netty/netty-tcnative-classes/2.0.61.Final/netty-tcnative-classes-2.0.61.Final.jar:/Users/vishnu/testsuites/karate-todo/m2/io/netty/netty-tcnative-boringssl-static/2.0.61.Final/netty-tcnative-boringssl-static-2.0.61.Final-linux-aarch_64.jar:/Users/vishnu/testsuites/karate-todo/m2/io/netty/netty-tcnative-boringssl-static/2.0.61.Final/netty-tcnative-boringssl-static-2.0.61.Final-osx-x86_64.jar:/Users/vishnu/testsuites/karate-todo/m2/io/netty/netty-tcnative-boringssl-static/2.0.61.Final/netty-tcnative-boringssl-static-2.0.61.Final-osx-aarch_64.jar:/Users/vishnu/testsuites/karate-todo/m2/io/netty/netty-tcnative-boringssl-static/2.0.61.Final/netty-tcnative-boringssl-static-2.0.61.Final-windows-x86_64.jar:/Users/vishnu/testsuites/karate-todo/m2/com/aayushatharva/brotli4j/brotli4j/1.12.0/brotli4j-1.12.0.jar:/Users/vishnu/testsuites/karate-todo/m2/com/aayushatharva/brotli4j/service/1.12.0/service-1.12.0.jar:/Users/vishnu/testsuites/karate-todo/m2/com/aayushatharva/brotli4j/native-osx-x86_64/1.12.0/native-osx-x86_64-1.12.0.jar:/Users/vishnu/testsuites/karate-todo/m2/org/apache/httpcomponents/httpclient/4.5.14/httpclient-4.5.14.jar:/Users/vishnu/testsuites/karate-todo/m2/org/apache/httpcomponents/httpcore/4.4.16/httpcore-4.4.16.jar:/Users/vishnu/testsuites/karate-todo/m2/commons-codec/commons-codec/1.16.0/commons-codec-1.16.0.jar:/Users/vishnu/testsuites/karate-todo/m2/ch/qos/logback/logback-classic/1.4.11/logback-classic-1.4.11.jar:/Users/vishnu/testsuites/karate-todo/m2/ch/qos/logback/logback-core/1.4.11/logback-core-1.4.11.jar:/Users/vishnu/testsuites/karate-todo/m2/org/slf4j/jcl-over-slf4j/2.0.9/jcl-over-slf4j-2.0.9.jar:/Users/vishnu/testsuites/karate-todo/m2/org/antlr/antlr4-runtime/4.11.1/antlr4-runtime-4.11.1.jar:/Users/vishnu/testsuites/karate-todo/m2/com/jayway/jsonpath/json-path/2.8.0/json-path-2.8.0.jar:/Users/vishnu/testsuites/karate-todo/m2/net/minidev/json-smart/2.4.10/json-smart-2.4.10.jar:/Users/vishnu/testsuites/karate-todo/m2/net/minidev/accessors-smart/2.4.9/accessors-smart-2.4.9.jar:/Users/vishnu/testsuites/karate-todo/m2/org/ow2/asm/asm/9.3/asm-9.3.jar:/Users/vishnu/testsuites/karate-todo/m2/org/yaml/snakeyaml/2.0/snakeyaml-2.0.jar:/Users/vishnu/testsuites/karate-todo/m2/de/siegmar/fastcsv/2.2.1/fastcsv-2.2.1.jar:/Users/vishnu/testsuites/karate-todo/m2/info/picocli/picocli/4.7.1/picocli-4.7.1.jar:/Users/vishnu/testsuites/karate-todo/m2/io/github/classgraph/classgraph/4.8.160/classgraph-4.8.160.jar:/Users/vishnu/testsuites/karate-todo/m2/io/github/t12y/resemble/1.0.2/resemble-1.0.2.jar:/Users/vishnu/testsuites/karate-todo/m2/io/github/t12y/ssim/1.0.0/ssim-1.0.0.jar:/Users/vishnu/testsuites/karate-todo/m2/io/karatelabs/karate-debugserver/0.1.0/karate-debugserver-0.1.0.jar:/Users/vishnu/testsuites/karate-todo/m2/com/intuit/karate/karate-junit5/1.4.1/karate-junit5-1.4.1.jar:/Users/vishnu/testsuites/karate-todo/m2/org/junit/jupiter/junit-jupiter-api/5.9.3/junit-jupiter-api-5.9.3.jar:/Users/vishnu/testsuites/karate-todo/m2/org/opentest4j/opentest4j/1.2.0/opentest4j-1.2.0.jar:/Users/vishnu/testsuites/karate-todo/m2/org/junit/platform/junit-platform-commons/1.9.3/junit-platform-commons-1.9.3.jar:/Users/vishnu/testsuites/karate-todo/m2/org/apiguardian/apiguardian-api/1.1.2/apiguardian-api-1.1.2.jar:/Users/vishnu/testsuites/karate-todo/m2/org/junit/jupiter/junit-jupiter-engine/5.9.3/junit-jupiter-engine-5.9.3.jar:/Users/vishnu/testsuites/karate-todo/m2/org/junit/platform/junit-platform-engine/1.9.3/junit-platform-engine-1.9.3.jar:/Users/vishnu/testsuites/karate-todo/m2/org/apache/maven/plugins/maven-resources-plugin/2.6/maven-resources-plugin-2.6.jar:/Users/vishnu/testsuites/karate-todo/m2/org/apache/maven/maven-plugin-api/2.0.6/maven-plugin-api-2.0.6.jar:/Users/vishnu/testsuites/karate-todo/m2/org/apache/maven/maven-project/2.0.6/maven-project-2.0.6.jar:/Users/vishnu/testsuites/karate-todo/m2/org/apache/maven/maven-profile/2.0.6/maven-profile-2.0.6.jar:/Users/vishnu/testsuites/karate-todo/m2/org/apache/maven/maven-plugin-registry/2.0.6/maven-plugin-registry-2.0.6.jar:/Users/vishnu/testsuites/karate-todo/m2/org/apache/maven/maven-core/2.0.6/maven-core-2.0.6.jar:/Users/vishnu/testsuites/karate-todo/m2/org/apache/maven/wagon/wagon-file/1.0-beta-2/wagon-file-1.0-beta-2.jar:/Users/vishnu/testsuites/karate-todo/m2/org/apache/maven/maven-plugin-parameter-documenter/2.0.6/maven-plugin-parameter-documenter-2.0.6.jar:/Users/vishnu/testsuites/karate-todo/m2/org/apache/maven/wagon/wagon-http-lightweight/1.0-beta-2/wagon-http-lightweight-1.0-beta-2.jar:/Users/vishnu/testsuites/karate-todo/m2/org/apache/maven/wagon/wagon-http-shared/1.0-beta-2/wagon-http-shared-1.0-beta-2.jar:/Users/vishnu/testsuites/karate-todo/m2/jtidy/jtidy/4aug2000r7-dev/jtidy-4aug2000r7-dev.jar:/Users/vishnu/testsuites/karate-todo/m2/xml-apis/xml-apis/1.0.b2/xml-apis-1.0.b2.jar:/Users/vishnu/testsuites/karate-todo/m2/org/apache/maven/reporting/maven-reporting-api/2.0.6/maven-reporting-api-2.0.6.jar:/Users/vishnu/testsuites/karate-todo/m2/org/apache/maven/doxia/doxia-sink-api/1.0-alpha-7/doxia-sink-api-1.0-alpha-7.jar:/Users/vishnu/testsuites/karate-todo/m2/org/apache/maven/wagon/wagon-provider-api/1.0-beta-2/wagon-provider-api-1.0-beta-2.jar:/Users/vishnu/testsuites/karate-todo/m2/org/apache/maven/maven-repository-metadata/2.0.6/maven-repository-metadata-2.0.6.jar:/Users/vishnu/testsuites/karate-todo/m2/org/apache/maven/maven-error-diagnostics/2.0.6/maven-error-diagnostics-2.0.6.jar:/Users/vishnu/testsuites/karate-todo/m2/commons-cli/commons-cli/1.0/commons-cli-1.0.jar:/Users/vishnu/testsuites/karate-todo/m2/org/apache/maven/wagon/wagon-ssh-external/1.0-beta-2/wagon-ssh-external-1.0-beta-2.jar:/Users/vishnu/testsuites/karate-todo/m2/org/apache/maven/wagon/wagon-ssh-common/1.0-beta-2/wagon-ssh-common-1.0-beta-2.jar:/Users/vishnu/testsuites/karate-todo/m2/org/apache/maven/maven-plugin-descriptor/2.0.6/maven-plugin-descriptor-2.0.6.jar:/Users/vishnu/testsuites/karate-todo/m2/org/codehaus/plexus/plexus-interactivity-api/1.0-alpha-4/plexus-interactivity-api-1.0-alpha-4.jar:/Users/vishnu/testsuites/karate-todo/m2/org/apache/maven/wagon/wagon-ssh/1.0-beta-2/wagon-ssh-1.0-beta-2.jar:/Users/vishnu/testsuites/karate-todo/m2/com/jcraft/jsch/0.1.27/jsch-0.1.27.jar:/Users/vishnu/testsuites/karate-todo/m2/org/apache/maven/maven-artifact/2.0.6/maven-artifact-2.0.6.jar:/Users/vishnu/testsuites/karate-todo/m2/org/apache/maven/maven-settings/2.0.6/maven-settings-2.0.6.jar:/Users/vishnu/testsuites/karate-todo/m2/org/apache/maven/maven-model/2.0.6/maven-model-2.0.6.jar:/Users/vishnu/testsuites/karate-todo/m2/org/apache/maven/maven-monitor/2.0.6/maven-monitor-2.0.6.jar:/Users/vishnu/testsuites/karate-todo/m2/org/codehaus/plexus/plexus-container-default/1.0-alpha-9-stable-1/plexus-container-default-1.0-alpha-9-stable-1.jar:/Users/vishnu/testsuites/karate-todo/m2/junit/junit/3.8.1/junit-3.8.1.jar:/Users/vishnu/testsuites/karate-todo/m2/org/apache/maven/shared/maven-filtering/1.1/maven-filtering-1.1.jar:/Users/vishnu/testsuites/karate-todo/m2/org/sonatype/plexus/plexus-build-api/0.0.4/plexus-build-api-0.0.4.jar:/Users/vishnu/testsuites/karate-todo/m2/org/apache/maven/plugins/maven-jar-plugin/2.4/maven-jar-plugin-2.4.jar:/Users/vishnu/testsuites/karate-todo/m2/org/apache/maven/maven-archiver/2.5/maven-archiver-2.5.jar:/Users/vishnu/testsuites/karate-todo/m2/org/codehaus/plexus/plexus-archiver/2.1/plexus-archiver-2.1.jar:/Users/vishnu/testsuites/karate-todo/m2/org/codehaus/plexus/plexus-io/2.0.2/plexus-io-2.0.2.jar:/Users/vishnu/testsuites/karate-todo/m2/commons-lang/commons-lang/2.1/commons-lang-2.1.jar:/Users/vishnu/testsuites/karate-todo/m2/org/apache/maven/plugins/maven-install-plugin/2.4/maven-install-plugin-2.4.jar:/Users/vishnu/testsuites/karate-todo/m2/org/apache/maven/maven-artifact-manager/2.0.6/maven-artifact-manager-2.0.6.jar:/Users/vishnu/testsuites/karate-todo/m2/org/codehaus/plexus/plexus-digest/1.0/plexus-digest-1.0.jar:/Users/vishnu/testsuites/karate-todo/m2/com/aayushatharva/brotli4j/native-linux-x86_64/1.12.0/native-linux-x86_64-1.12.0.jar:/Users/vishnu/testsuites/karate-todo/m2/classworlds/classworlds/1.1-alpha-2/classworlds-1.1-alpha-2.jar:/Users/vishnu/testsuites/karate-todo/m2/org/codehaus/plexus/plexus-interpolation/1.15/plexus-interpolation-1.15.jar:/Users/vishnu/testsuites/karate-todo/m2/org/codehaus/plexus/plexus-utils/3.0.5/plexus-utils-3.0.5.jar:"/>
    <property name="sun.cpu.endian" value="little"/>
    <property name="user.home" value="/Users/vishnu"/>
    <property name="user.language" value="en"/>
    <property name="java.specification.vendor" value="Oracle Corporation"/>
    <property name="java.version.date" value="2023-10-17"/>
    <property name="java.home" value="/Users/vishnu/.sdkman/candidates/java/11.0.21-zulu/zulu-11.jdk/Contents/Home"/>
    <property name="file.separator" value="/"/>
    <property name="basedir" value="/Users/vishnu/testsuites/karate-todo"/>
    <property name="java.vm.compressedOopsMode" value="Zero based"/>
    <property name="line.separator" value="&#10;"/>
    <property name="java.specification.name" value="Java Platform API Specification"/>
    <property name="java.vm.specification.vendor" value="Oracle Corporation"/>
    <property name="jdk.vendor.version" value="Zulu11.68+17-CA"/>
    <property name="java.awt.graphicsenv" value="sun.awt.CGraphicsEnvironment"/>
    <property name="surefire.real.class.path" value="/Users/vishnu/testsuites/karate-todo/target/surefire/surefirebooter10683197031242508690.jar"/>
    <property name="sun.management.compiler" value="HotSpot 64-Bit Tiered Compilers"/>
    <property name="ftp.nonProxyHosts" value="local|*.local|169.254/16|*.169.254/16"/>
    <property name="java.runtime.version" value="11.0.21+9-LTS"/>
    <property name="user.name" value="vishnu"/>
    <property name="path.separator" value=":"/>
    <property name="os.version" value="14.4.1"/>
    <property name="java.runtime.name" value="OpenJDK Runtime Environment"/>
    <property name="file.encoding" value="UTF-8"/>
    <property name="java.vm.name" value="OpenJDK 64-Bit Server VM"/>
    <property name="java.vendor.version" value="Zulu11.68+17-CA"/>
    <property name="localRepository" value="/Users/vishnu/testsuites/karate-todo/m2"/>
    <property name="java.vendor.url.bug" value="http://www.azul.com/support/"/>
    <property name="java.io.tmpdir" value="/var/folders/j5/_kwhcfx94vz3kz7971z1g8g00000gp/T/"/>
    <property name="java.version" value="11.0.21"/>
    <property name="user.dir" value="/Users/vishnu/testsuites/karate-todo"/>
    <property name="os.arch" value="x86_64"/>
    <property name="java.vm.specification.name" value="Java Virtual Machine Specification"/>
    <property name="java.awt.printerjob" value="sun.lwawt.macosx.CPrinterJob"/>
    <property name="sun.os.patch.level" value="unknown"/>
    <property name="java.library.path" value="/Users/vishnu/Library/Java/Extensions:/Library/Java/Extensions:/Network/Library/Java/Extensions:/System/Library/Java/Extensions:/usr/lib/java:."/>
    <property name="java.vm.info" value="mixed mode"/>
    <property name="java.vendor" value="Azul Systems, Inc."/>
    <property name="java.vm.version" value="11.0.21+9-LTS"/>
    <property name="java.specification.maintenance.version" value="2"/>
    <property name="sun.io.unicode.encoding" value="UnicodeBig"/>
    <property name="maven.repo.local" value="m2"/>
    <property name="java.class.version" value="55.0"/>
    <property name="socksNonProxyHosts" value="local|*.local|169.254/16|*.169.254/16"/>
  </properties>
  <testcase name="testAll" classname="app.api.ApiTest" time="12.475"/>
</testsuite>